<?xml version="1.0" encoding="UTF-8"?>
<testsuite xmlns:xsi="http://www.w3.org/2001/XMLSchema-instance" xsi:noNamespaceSchemaLocation="https://maven.apache.org/surefire/maven-surefire-plugin/xsd/surefire-test-report-3.0.xsd" version="3.0" name="com.luv2code.junitdemo.DemoUtilTest" time="2.078" tests="10" errors="0" skipped="0" failures="0">
  <properties>
[...]
</properties>
  <testcase name="Array Equals" classname="com.luv2code.junitdemo.DemoUtilTest" time="0.027">
    <system-out><![CDATA[@BeforeAll executes only before all test methods.
@BeforeEach executes before the execution of each test Method
Running @AfterEach

]]></system-out>
  </testcase>
  <testcase name="Equals and Not Equals" classname="com.luv2code.junitdemo.DemoUtilTest" time="0.003">
    <system-out><![CDATA[@BeforeEach executes before the execution of each test Method
Running test: testEqualAndNotEquals
Running @AfterEach

]]></system-out>
  </testcase>
  <testcase name="Lines Match" classname="com.luv2code.junitdemo.DemoUtilTest" time="0.004">
    <system-out><![CDATA[@BeforeEach executes before the execution of each test Method
Running @AfterEach

]]></system-out>
  </testcase>
  <testcase name="Null and Not Null" classname="com.luv2code.junitdemo.DemoUtilTest" time="0.002">
    <system-out><![CDATA[@BeforeEach executes before the execution of each test Method
Running test: testNullAndNotNull
Running @AfterEach

]]></system-out>
  </testcase>
  <testcase name="Same and Not Same" classname="com.luv2code.junitdemo.DemoUtilTest" time="0.002">
    <system-out><![CDATA[@BeforeEach executes before the execution of each test Method
Running @AfterEach

]]></system-out>
  </testcase>
  <testcase name="Test Iterable Equals" classname="com.luv2code.junitdemo.DemoUtilTest" time="0.002">
    <system-out><![CDATA[@BeforeEach executes before the execution of each test Method
Running @AfterEach

]]></system-out>
  </testcase>
  <testcase name="Throws and Does Not Throws" classname="com.luv2code.junitdemo.DemoUtilTest" time="0.003">
    <system-out><![CDATA[@BeforeEach executes before the execution of each test Method
Running @AfterEach

]]></system-out>
  </testcase>
  <testcase name="Timeout" classname="com.luv2code.junitdemo.DemoUtilTest" time="2.007">
    <system-out><![CDATA[@BeforeEach executes before the execution of each test Method
I am going to sleep
Sleeping over
Running @AfterEach

]]></system-out>
  </testcase>
  <testcase name="True and False" classname="com.luv2code.junitdemo.DemoUtilTest" time="0.003">
    <system-out><![CDATA[@BeforeEach executes before the execution of each test Method
Running @AfterEach

]]></system-out>
  </testcase>
  <testcase name="Multiply" classname="com.luv2code.junitdemo.DemoUtilTest" time="0.001">
    <system-out><![CDATA[@BeforeEach executes before the execution of each test Method
Running @AfterEach

]]></system-out>
  </testcase>
</testsuite>