-------------------------------------------------------------------------------
Test set: com.luv2code.junitdemo.DemoUtilTest
-------------------------------------------------------------------------------
Tests run: 10, Failures: 1, Errors: 0, Skipped: 0, Time elapsed: 2.058 s <<< FAILURE! - in com.luv2code.junitdemo.DemoUtilTest
com.luv2code.junitdemo.DemoUtilTest.testMultiply  Time elapsed: 0.002 s  <<< FAILURE!
org.opentest4j.AssertionFailedError: 4 * 3 must be 12 ==> expected: <12> but was: <13>
	at com.luv2code.junitdemo.DemoUtilTest.testMultiply(DemoUtilTest.java:131)

